#
# There is insufficient memory for the Java Runtime Environment to continue.
# Native memory allocation (malloc) failed to allocate 1048576 bytes. Error detail: AllocateHeap
# Possible reasons:
#   The system is out of physical RAM or swap space
#   This process is running with CompressedOops enabled, and the Java Heap may be blocking the growth of the native heap
# Possible solutions:
#   Reduce memory load on the system
#   Increase physical memory or swap space
#   Check if swap backing store is full
#   Decrease Java heap size (-Xmx/-Xms)
#   Decrease number of Java threads
#   Decrease Java thread stack sizes (-Xss)
#   Set larger code cache with -XX:ReservedCodeCacheSize=
#   JVM is running with Unscaled Compressed Oops mode in which the Java heap is
#     placed in the first 4GB address space. The Java Heap base address is the
#     maximum limit for the native heap growth. Please use -XX:HeapBaseMinAddress
#     to set the Java Heap base and to place the Java Heap above 4GB virtual address.
# This output file may be truncated or incomplete.
#
#  Out of Memory Error (allocation.cpp:44), pid=3556, tid=14572
#
# JRE version:  (21.0.5) (build )
# Java VM: OpenJDK 64-Bit Server VM (21.0.5+-12932927-b750.29, mixed mode, sharing, tiered, compressed oops, compressed class ptrs, g1 gc, windows-amd64)
# No core dump will be written. Minidumps are not enabled by default on client versions of Windows
#

---------------  S U M M A R Y ------------

Command Line: -Dapplication.home=D:\Andro\jbr -Xms8m -Djdk.module.main=jdk.jlink jdk.jlink/jdk.tools.jmod.Main create --module-version 21 --target-platform android --class-path C:\Users\ACER\.gradle\caches\8.10\transforms\b6c469b9be83a8d00ce44aa19713229c-c9e23e90-1842-45a8-a153-f5911b188566\transformed\output\temp\module.jar C:\Users\ACER\.gradle\caches\8.10\transforms\b6c469b9be83a8d00ce44aa19713229c-c9e23e90-1842-45a8-a153-f5911b188566\transformed\output\temp\jmod\java.base.jmod

Host: 11th Gen Intel(R) Core(TM) i3-1115G4 @ 3.00GHz, 4 cores, 3G,  Windows 11 , 64 bit Build 22621 (10.0.22621.5124)
Time: Sun May 18 15:28:05 2025 Malay Peninsula Standard Time elapsed time: 0.288930 seconds (0d 0h 0m 0s)

---------------  T H R E A D  ---------------

Current thread (0x000001e885edd520):  JavaThread "Unknown thread" [_thread_in_vm, id=14572, stack(0x00000031a8100000,0x00000031a8200000) (1024K)]

Stack: [0x00000031a8100000,0x00000031a8200000]
Native frames: (J=compiled Java code, j=interpreted, Vv=VM code, C=native code)
V  [jvm.dll+0x6cfb29]
V  [jvm.dll+0x85ded3]
V  [jvm.dll+0x86042e]
V  [jvm.dll+0x860b13]
V  [jvm.dll+0x27e6b6]
V  [jvm.dll+0xba6e7]
V  [jvm.dll+0x32ffe5]
V  [jvm.dll+0x3285f1]
V  [jvm.dll+0x825919]
V  [jvm.dll+0x3bbfa8]
V  [jvm.dll+0x80ec88]
V  [jvm.dll+0x45015e]
V  [jvm.dll+0x4518c1]
C  [jli.dll+0x52ab]
C  [ucrtbase.dll+0x29333]
C  [KERNEL32.DLL+0x1259d]
C  [ntdll.dll+0x5af38]


---------------  P R O C E S S  ---------------

Threads class SMR info:
_java_thread_list=0x00007fff8b0a0808, length=0, elements={
}

Java Threads: ( => current thread )
Total: 0

Other Threads:
  0x000001e888000440 WorkerThread "GC Thread#0"                     [id=14256, stack(0x00000031a8200000,0x00000031a8300000) (1024K)]

[error occurred during error reporting (printing all threads), id 0xc0000005, EXCEPTION_ACCESS_VIOLATION (0xc0000005) at pc=0x00007fff8a894b10]
VM state: not at safepoint (not fully initialized)

VM Mutex/Monitor currently owned by a thread:  ([mutex/lock_event])
[0x00007fff8b10d460] Heap_lock - owner thread: 0x000001e885edd520

Heap address: 0x00000000c3600000, size: 970 MB, Compressed Oops mode: 32-bit

CDS archive(s) mapped at: [0x0000000000000000-0x0000000000000000-0x0000000000000000), size 0, SharedBaseAddress: 0x0000000800000000, ArchiveRelocationMode: 1.
Narrow klass base: 0x0000000000000000, Narrow klass shift: 0, Narrow klass range: 0x0

GC Precious Log:
 CardTable entry size: 512
 Card Set container configuration: InlinePtr #cards 5 size 8 Array Of Cards #cards 12 size 40 Howl #buckets 4 coarsen threshold 1843 Howl Bitmap #cards 512 size 80 coarsen threshold 460 Card regions per heap region 1 cards per card region 2048

Heap:
 garbage-first heap   total 0K, used 0K [0x00000000c3600000, 0x0000000100000000)
  region size 1024K, 0 young (0K), 0 survivors (0K)
 Metaspace       used 0K, committed 0K, reserved 0K
  class space    used 0K, committed 0K, reserved 0K

Heap Regions: E=young(eden), S=young(survivor), O=old, HS=humongous(starts), HC=humongous(continues), CS=collection set, F=free, TAMS=top-at-mark-start, PB=parsable bottom

Card table byte_map: [0x000001e89a310000,0x000001e89a500000] _byte_map_base: 0x000001e899cf5000

GC Heap History (0 events):
No events

Dll operation events (1 events):
Event: 0.182 Loaded shared library D:\Andro\jbr\bin\java.dll

Deoptimization events (0 events):
No events

Classes loaded (0 events):
No events

Classes unloaded (0 events):
No events

Classes redefined (0 events):
No events

Internal exceptions (0 events):
No events

ZGC Phase Switch (0 events):
No events

VM Operations (0 events):
No events

Memory protections (0 events):
No events

Nmethod flushes (0 events):
No events

Events (0 events):
No events


Dynamic libraries:
0x00007ff67baa0000 - 0x00007ff67baa8000 	D:\Andro\jbr\bin\jmod.exe
0x00007ffff2f10000 - 0x00007ffff3127000 	C:\WINDOWS\SYSTEM32\ntdll.dll
0x00007fffb5540000 - 0x00007fffb555a000 	C:\Program Files\AVG\Antivirus\aswhook.dll
0x00007ffff0d20000 - 0x00007ffff0de4000 	C:\WINDOWS\System32\KERNEL32.DLL
0x00007ffff0140000 - 0x00007ffff0513000 	C:\WINDOWS\System32\KERNELBASE.dll
0x00007ffff0750000 - 0x00007ffff0861000 	C:\WINDOWS\System32\ucrtbase.dll
0x00007fffe39f0000 - 0x00007fffe3a08000 	D:\Andro\jbr\bin\jli.dll
0x00007fffe8100000 - 0x00007fffe811b000 	D:\Andro\jbr\bin\VCRUNTIME140.dll
0x00007ffff1190000 - 0x00007ffff1341000 	C:\WINDOWS\System32\USER32.dll
0x00007ffff0990000 - 0x00007ffff09b6000 	C:\WINDOWS\System32\win32u.dll
0x00007ffff0fc0000 - 0x00007ffff0fe9000 	C:\WINDOWS\System32\GDI32.dll
0x00007ffff0870000 - 0x00007ffff098b000 	C:\WINDOWS\System32\gdi32full.dll
0x00007ffff00a0000 - 0x00007ffff013a000 	C:\WINDOWS\System32\msvcp_win.dll
0x00007fffdaea0000 - 0x00007fffdb138000 	C:\WINDOWS\WinSxS\amd64_microsoft.windows.common-controls_6595b64144ccf1df_6.0.22621.5124_none_270e8f4f7386d69d\COMCTL32.dll
0x00007ffff0c70000 - 0x00007ffff0d17000 	C:\WINDOWS\System32\msvcrt.dll
0x00007ffff1d10000 - 0x00007ffff1d41000 	C:\WINDOWS\System32\IMM32.DLL
0x00007fffea160000 - 0x00007fffea16c000 	D:\Andro\jbr\bin\vcruntime140_1.dll
0x00007fffaa540000 - 0x00007fffaa5cd000 	D:\Andro\jbr\bin\msvcp140.dll
0x00007fff8a560000 - 0x00007fff8b1ea000 	D:\Andro\jbr\bin\server\jvm.dll
0x00007ffff1c50000 - 0x00007ffff1d01000 	C:\WINDOWS\System32\ADVAPI32.dll
0x00007ffff0bc0000 - 0x00007ffff0c68000 	C:\WINDOWS\System32\sechost.dll
0x00007ffff0a40000 - 0x00007ffff0a68000 	C:\WINDOWS\System32\bcrypt.dll
0x00007ffff0e10000 - 0x00007ffff0f24000 	C:\WINDOWS\System32\RPCRT4.dll
0x00007ffff1000000 - 0x00007ffff1071000 	C:\WINDOWS\System32\WS2_32.dll
0x00007fffe7270000 - 0x00007fffe72a4000 	C:\WINDOWS\SYSTEM32\WINMM.dll
0x00007fffefcc0000 - 0x00007fffefd0d000 	C:\WINDOWS\SYSTEM32\POWRPROF.dll
0x00007fffe4fb0000 - 0x00007fffe4fba000 	C:\WINDOWS\SYSTEM32\VERSION.dll
0x00007fffefc70000 - 0x00007fffefc83000 	C:\WINDOWS\SYSTEM32\UMPDC.dll
0x00007fffef050000 - 0x00007fffef068000 	C:\WINDOWS\SYSTEM32\kernel.appcore.dll
0x00007fffea150000 - 0x00007fffea15a000 	D:\Andro\jbr\bin\jimage.dll
0x00007fffeda90000 - 0x00007fffedcc2000 	C:\WINDOWS\SYSTEM32\DBGHELP.DLL
0x00007ffff18b0000 - 0x00007ffff1c42000 	C:\WINDOWS\System32\combase.dll
0x00007ffff2670000 - 0x00007ffff2747000 	C:\WINDOWS\System32\OLEAUT32.dll
0x00007fffe4ff0000 - 0x00007fffe5022000 	C:\WINDOWS\SYSTEM32\dbgcore.DLL
0x00007ffff09c0000 - 0x00007ffff0a3b000 	C:\WINDOWS\System32\bcryptPrimitives.dll
0x00007fffe7e10000 - 0x00007fffe7e30000 	D:\Andro\jbr\bin\java.dll

dbghelp: loaded successfully - version: 4.0.5 - missing functions: none
symbol engine: initialized successfully - sym options: 0x614 - pdb path: .;D:\Andro\jbr\bin;C:\WINDOWS\SYSTEM32;C:\Program Files\AVG\Antivirus;C:\WINDOWS\WinSxS\amd64_microsoft.windows.common-controls_6595b64144ccf1df_6.0.22621.5124_none_270e8f4f7386d69d;D:\Andro\jbr\bin\server

VM Arguments:
jvm_args: -Dapplication.home=D:\Andro\jbr -Xms8m -Djdk.module.main=jdk.jlink 
java_command: jdk.jlink/jdk.tools.jmod.Main create --module-version 21 --target-platform android --class-path C:\Users\ACER\.gradle\caches\8.10\transforms\b6c469b9be83a8d00ce44aa19713229c-c9e23e90-1842-45a8-a153-f5911b188566\transformed\output\temp\module.jar C:\Users\ACER\.gradle\caches\8.10\transforms\b6c469b9be83a8d00ce44aa19713229c-c9e23e90-1842-45a8-a153-f5911b188566\transformed\output\temp\jmod\java.base.jmod
java_class_path (initial): <not set>
Launcher Type: SUN_STANDARD

[Global flags]
     intx CICompilerCount                          = 3                                         {product} {ergonomic}
     uint ConcGCThreads                            = 1                                         {product} {ergonomic}
     uint G1ConcRefinementThreads                  = 4                                         {product} {ergonomic}
   size_t G1HeapRegionSize                         = 1048576                                   {product} {ergonomic}
    uintx GCDrainStackTargetSize                   = 64                                        {product} {ergonomic}
   size_t InitialHeapSize                          = 8388608                                   {product} {command line}
   size_t MarkStackSize                            = 4194304                                   {product} {ergonomic}
   size_t MaxHeapSize                              = 1017118720                                {product} {ergonomic}
   size_t MinHeapDeltaBytes                        = 1048576                                   {product} {ergonomic}
   size_t MinHeapSize                              = 8388608                                   {product} {command line}
    uintx NonNMethodCodeHeapSize                   = 5832780                                {pd product} {ergonomic}
    uintx NonProfiledCodeHeapSize                  = 122912730                              {pd product} {ergonomic}
    uintx ProfiledCodeHeapSize                     = 122912730                              {pd product} {ergonomic}
    uintx ReservedCodeCacheSize                    = 251658240                              {pd product} {ergonomic}
     bool SegmentedCodeCache                       = true                                      {product} {ergonomic}
   size_t SoftMaxHeapSize                          = 1017118720                             {manageable} {ergonomic}
     bool UseCompressedOops                        = true                           {product lp64_product} {ergonomic}
     bool UseG1GC                                  = true                                      {product} {ergonomic}
     bool UseLargePagesIndividualAllocation        = false                                  {pd product} {ergonomic}

Logging:
Log output configuration:
 #0: stdout all=warning uptime,level,tags foldmultilines=false
 #1: stderr all=off uptime,level,tags foldmultilines=false

Environment Variables:
JAVA_HOME=C:\Program Files\Java\jdk-24
PATH=C:\Program Files\Common Files\Oracle\Java\javapath;C:\WINDOWS\system32;C:\WINDOWS;C:\WINDOWS\System32\Wbem;C:\WINDOWS\System32\WindowsPowerShell\v1.0\;C:\WINDOWS\System32\OpenSSH\;C:\Program Files\Java\jdk-24\bin;C:\Users\ACER\AppData\Local\Microsoft\WindowsApps;
USERNAME=ACER
OS=Windows_NT
PROCESSOR_IDENTIFIER=Intel64 Family 6 Model 140 Stepping 1, GenuineIntel
TMP=C:\Users\ACER\AppData\Local\Temp
TEMP=C:\Users\ACER\AppData\Local\Temp




Periodic native trim disabled

JNI global refs:
JNI global refs: 0, weak refs: 0

JNI global refs memory usage: 0, weak refs: 0

Process memory usage:
Resident Set Size: 11648K (0% of 3968312K total physical memory with 996296K free physical memory)

OOME stack traces (most recent first):
Classloader memory used:

---------------  S Y S T E M  ---------------

OS:
 Windows 11 , 64 bit Build 22621 (10.0.22621.5124)
OS uptime: 32 days 1:31 hours

CPU: total 4 (initial active 4) (2 cores per cpu, 2 threads per core) family 6 model 140 stepping 1 microcode 0x8a, cx8, cmov, fxsr, ht, mmx, 3dnowpref, sse, sse2, sse3, ssse3, sse4.1, sse4.2, popcnt, lzcnt, tsc, tscinvbit, avx, avx2, aes, erms, clmul, bmi1, bmi2, adx, avx512f, avx512dq, avx512cd, avx512bw, avx512vl, sha, fma, vzeroupper, avx512_vpopcntdq, avx512_vpclmulqdq, avx512_vaes, avx512_vnni, clflush, clflushopt, clwb, avx512_vbmi2, avx512_vbmi, rdtscp, rdpid, fsrm, gfni, avx512_bitalg, f16c, pku, cet_ibt, cet_ss, avx512_ifma
Processor Information for all 4 processors :
  Max Mhz: 2995, Current Mhz: 2995, Mhz Limit: 2995

Memory: 4k page, system-wide physical 3875M (972M free)
TotalPageFile size 15651M (AvailPageFile size 4M)
current process WorkingSet (physical memory assigned to process): 11M, peak: 11M
current process commit charge ("private bytes"): 49M, peak: 50M

vm_info: OpenJDK 64-Bit Server VM (21.0.5+-12932927-b750.29) for windows-amd64 JRE (21.0.5+-12932927-b750.29), built on 2025-01-17T02:01:10Z by "builder" with MS VC++ 16.10 / 16.11 (VS2019)

END.
